{
  "RSpec": {
    "coverage": {
      "/Users/paula/Projects/office-management-challenge/spec/meeting_room_spec.rb": {
        "lines": [
          1,
          null,
          1,
          6,
          null,
          1,
          null,
          1,
          1,
          null,
          null,
          1,
          1,
          null,
          null,
          null,
          1,
          null,
          1,
          1,
          1,
          null,
          null,
          1,
          1,
          2,
          null,
          null,
          null,
          1,
          1,
          1,
          1,
          1,
          null,
          null,
          null
        ]
      },
      "/Users/paula/Projects/office-management-challenge/lib/meeting_room.rb": {
        "lines": [
          1,
          1,
          null,
          1,
          10,
          10,
          null,
          null,
          1,
          5,
          null,
          4,
          null,
          null,
          1,
          1,
          null,
          null,
          null
        ]
      },
      "/Users/paula/Projects/office-management-challenge/spec/office_spec.rb": {
        "lines": [
          1,
          1,
          null,
          1,
          null,
          4,
          3,
          null,
          1,
          1,
          1,
          null,
          null,
          null,
          1,
          1,
          1,
          1,
          null,
          null,
          null,
          1,
          1,
          1,
          1,
          1,
          null,
          null,
          null,
          1,
          1,
          1,
          1,
          1,
          1,
          null,
          null,
          null
        ]
      },
      "/Users/paula/Projects/office-management-challenge/lib/office.rb": {
        "lines": [
          1,
          null,
          1,
          1,
          null,
          1,
          4,
          null,
          null,
          1,
          5,
          null,
          null,
          1,
          1,
          null,
          null,
          1,
          1,
          2,
          1,
          null,
          null,
          null,
          null,
          null
        ]
      }
    },
    "timestamp": 1603472917
  }
}
